#
# A fatal error has been detected by the Java Runtime Environment:
#
#  SIGSEGV (0xb) at pc=0x00007f88cb3bb5cc, pid=8344, tid=0x00007f88cc8c8700
#
# JRE version: Java(TM) SE Runtime Environment (8.0_101-b13) (build 1.8.0_101-b13)
# Java VM: Java HotSpot(TM) 64-Bit Server VM (25.101-b13 mixed mode linux-amd64 compressed oops)
# Problematic frame:
# V  [libjvm.so+0x6945cc]  java_lang_String::utf8_length(oopDesc*)+0xdc
#
# Failed to write core dump. Core dumps have been disabled. To enable core dumping, try "ulimit -c unlimited" before starting Java again
#
# If you would like to submit a bug report, please visit:
#   http://bugreport.java.com/bugreport/crash.jsp
#

---------------  T H R E A D  ---------------

Current thread (0x0000000000a31000):  JavaThread "main" [_thread_in_vm, id=8346, stack(0x00007f88cc7c8000,0x00007f88cc8c9000)]

siginfo: si_signo: 11 (SIGSEGV), si_code: 1 (SEGV_MAPERR), si_addr: 0x0000000000000054

Registers:
RAX=0x0000000000000000, RBX=0x00007f88cc8c76f0, RCX=0x0000000000000003, RDX=0x0000000000000048
RSP=0x00007f88cc8c76c0, RBP=0x00007f88cc8c76d0, RSI=0x000000000000000c, RDI=0x000000071885fa60
R8 =0x0000000000000048, R9 =0x0000000000000001, R10=0x0000000000000004, R11=0x00007f88cc8c7200
R12=0x0000000000000000, R13=0x000000071885fa60, R14=0x00007f88cc8c78b8, R15=0x00007f88cc8c7720
RIP=0x00007f88cb3bb5cc, EFLAGS=0x0000000000010246, CSGSFS=0x0000000000000033, ERR=0x0000000000000004
  TRAPNO=0x000000000000000e

Top of Stack: (sp=0x00007f88cc8c76c0)
0x00007f88cc8c76c0:   00007f88cc8c76f0 0000000000a31000
0x00007f88cc8c76d0:   00007f88cc8c7780 00007f88cb407cc7
0x00007f88cc8c76e0:   0000000000a31000 0000000000000000
0x00007f88cc8c76f0:   0000000000aa8a30 0000000000a31000
0x00007f88cc8c7700:   00007f88cc8c7780 00007f88cb4072db
0x00007f88cc8c7710:   0000000000a31000 0000000000000000
0x00007f88cc8c7720:   0000000000a31000 0000000000000000
0x00007f88cc8c7730:   00007f88a75272b8 00007f88cc6eba25
0x00007f88cc8c7740:   0000000000a31000 00007f88cbde703d
0x00007f88cc8c7750:   00007f88cc09ddf0 00007f88a75272b8
0x00007f88cc8c7760:   0000000000000000 00007f88a75272b8
0x00007f88cc8c7770:   00007f88cc8c78b8 0000000000a31000
0x00007f88cc8c7780:   00007f88cc8c7830 00007f88a44829f5
0x00007f88cc8c7790:   0000000000000000 00007f88cc8c78b0
0x00007f88cc8c77a0:   00007f88cc8c78b8 0000000000a311f8
0x00007f88cc8c77b0:   00007f88a75272b8 0000000000a31000
0x00007f88cc8c77c0:   0000000000aa8a38 0000000000000000
0x00007f88cc8c77d0:   0000000000000000 0000000000000000
0x00007f88cc8c77e0:   0000000000aa8a30 00007f88a0057938
0x00007f88cc8c77f0:   00000000000000a2 0000000000000082
0x00007f88cc8c7800:   0000000000000062 00000009a75272b8
0x00007f88cc8c7810:   0000000000aa8a28 00007f88a0064348
0x00007f88cc8c7820:   0000000000aa8a20 00000000baa278b2
0x00007f88cc8c7830:   00007f88cc8c7890 00007f88baa27a14
0x00007f88cc8c7840:   0000000000a31000 00007f88baa27762
0x00007f88cc8c7850:   00007f88cc8c7850 00007f88a75272b8
0x00007f88cc8c7860:   00007f88cc8c78b8 00007f88a7527458
0x00007f88cc8c7870:   0000000000000000 00007f88a75272b8
0x00007f88cc8c7880:   0000000000000000 00007f88cc8c78b0
0x00007f88cc8c7890:   00007f88cc8c7900 00007f88baa182bd
0x00007f88cc8c78a0:   0000000000000000 00007f88baa21538
0x00007f88cc8c78b0:   000000071885f7a0 000000071885f560 

Instructions: (pc=0x00007f88cb3bb5cc)
0x00007f88cb3bb5ac:   e2 48 03 10 eb 0a 66 0f 1f 44 00 00 48 8b 14 37
0x00007f88cb3bb5bc:   48 8b 05 85 ca 8d 00 80 38 01 48 19 c0 83 e0 04
0x00007f88cb3bb5cc:   8b 5c 02 0c e9 67 ff ff ff 90 66 2e 0f 1f 84 00
0x00007f88cb3bb5dc:   00 00 00 00 55 48 89 e5 41 54 53 48 83 ec 10 48 

Register to memory mapping:

RAX=0x0000000000000000 is an unknown value
RBX=0x00007f88cc8c76f0 is pointing into the stack for thread: 0x0000000000a31000
RCX=0x0000000000000003 is an unknown value
RDX=0x0000000000000048 is an unknown value
RSP=0x00007f88cc8c76c0 is pointing into the stack for thread: 0x0000000000a31000
RBP=0x00007f88cc8c76d0 is pointing into the stack for thread: 0x0000000000a31000
RSI=0x000000000000000c is an unknown value
RDI=0x000000071885fa60 is an oop
[LKolor; 
 - klass: 'Kolor'[]
 - length: 9
R8 =0x0000000000000048 is an unknown value
R9 =0x0000000000000001 is an unknown value
R10=0x0000000000000004 is an unknown value
R11=0x00007f88cc8c7200 is pointing into the stack for thread: 0x0000000000a31000
R12=0x0000000000000000 is an unknown value
R13=0x000000071885fa60 is an oop
[LKolor; 
 - klass: 'Kolor'[]
 - length: 9
R14=0x00007f88cc8c78b8 is pointing into the stack for thread: 0x0000000000a31000
R15=0x00007f88cc8c7720 is pointing into the stack for thread: 0x0000000000a31000


Stack: [0x00007f88cc7c8000,0x00007f88cc8c9000],  sp=0x00007f88cc8c76c0,  free space=1021k
Native frames: (J=compiled Java code, j=interpreted, Vv=VM code, C=native code)
V  [libjvm.so+0x6945cc]  java_lang_String::utf8_length(oopDesc*)+0xdc
V  [libjvm.so+0x6e0cc7]  jni_GetStringUTFChars+0x107
C  [libPaleta.so+0x9f5]  Java_Paleta_printText+0x2e5
j  Paleta.printText(LKolor;)V+0
j  Paleta.main([Ljava/lang/String;)V+12
v  ~StubRoutines::call_stub
V  [libjvm.so+0x68f6b6]  JavaCalls::call_helper(JavaValue*, methodHandle*, JavaCallArguments*, Thread*)+0x1056
V  [libjvm.so+0x6d0d42]  jni_invoke_static(JNIEnv_*, JavaValue*, _jobject*, JNICallType, _jmethodID*, JNI_ArgumentPusher*, Thread*)+0x362
V  [libjvm.so+0x6ed5aa]  jni_CallStaticVoidMethod+0x17a
C  [libjli.so+0x7bdf]  JavaMain+0x81f
C  [libpthread.so.0+0x6b50]  start_thread+0xd0

Java frames: (J=compiled Java code, j=interpreted, Vv=VM code)
j  Paleta.printText(LKolor;)V+0
j  Paleta.main([Ljava/lang/String;)V+12
v  ~StubRoutines::call_stub

---------------  P R O C E S S  ---------------

Java Threads: ( => current thread )
  0x00007f88a0051800 JavaThread "Service Thread" daemon [_thread_blocked, id=8363, stack(0x00007f88a4784000,0x00007f88a4885000)]
  0x00007f88a0008000 JavaThread "C1 CompilerThread3" daemon [_thread_blocked, id=8362, stack(0x00007f88a4885000,0x00007f88a4986000)]
  0x00007f88a0006000 JavaThread "C2 CompilerThread2" daemon [_thread_blocked, id=8361, stack(0x00007f88a4986000,0x00007f88a4a87000)]
  0x00007f88a0004000 JavaThread "C2 CompilerThread1" daemon [_thread_blocked, id=8360, stack(0x00007f88a4a87000,0x00007f88a4b88000)]
  0x00007f88a0001000 JavaThread "C2 CompilerThread0" daemon [_thread_blocked, id=8359, stack(0x00007f88a4b88000,0x00007f88a4c89000)]
  0x0000000000af0800 JavaThread "Signal Dispatcher" daemon [_thread_blocked, id=8358, stack(0x00007f88a4c89000,0x00007f88a4d8a000)]
  0x0000000000ab9000 JavaThread "Finalizer" daemon [_thread_blocked, id=8357, stack(0x00007f88a4ee7000,0x00007f88a4fe8000)]
  0x0000000000aaf000 JavaThread "Reference Handler" daemon [_thread_blocked, id=8356, stack(0x00007f88a4fe8000,0x00007f88a50e9000)]
=>0x0000000000a31000 JavaThread "main" [_thread_in_vm, id=8346, stack(0x00007f88cc7c8000,0x00007f88cc8c9000)]

Other Threads:
  0x0000000000aa7000 VMThread [stack: 0x00007f88a50e9000,0x00007f88a51ea000] [id=8355]
  0x00007f88a0054800 WatcherThread [stack: 0x00007f88a4683000,0x00007f88a4784000] [id=8364]

VM state:not at safepoint (normal execution)

VM Mutex/Monitor currently owned by a thread: None

Heap:
 PSYoungGen      total 150528K, used 5160K [0x0000000718800000, 0x0000000723000000, 0x00000007c0000000)
  eden space 129024K, 4% used [0x0000000718800000,0x0000000718d0a3f8,0x0000000720600000)
  from space 21504K, 0% used [0x0000000721b00000,0x0000000721b00000,0x0000000723000000)
  to   space 21504K, 0% used [0x0000000720600000,0x0000000720600000,0x0000000721b00000)
 ParOldGen       total 344064K, used 0K [0x00000005c9800000, 0x00000005de800000, 0x0000000718800000)
  object space 344064K, 0% used [0x00000005c9800000,0x00000005c9800000,0x00000005de800000)
 Metaspace       used 2476K, capacity 4490K, committed 4864K, reserved 1056768K
  class space    used 268K, capacity 386K, committed 512K, reserved 1048576K

Card table byte_map: [0x00007f88b969b000,0x00007f88ba650000] byte_map_base: 0x00007f88b684f000

Marking Bits: (ParMarkBitMap*) 0x00007f88cbce8120
 Begin Bits: [0x00007f88a88db000, 0x00007f88b067b000)
 End Bits:   [0x00007f88b067b000, 0x00007f88b841b000)

Polling page: 0x00007f88cc8f4000

CodeCache: size=245760Kb used=1080Kb max_used=1080Kb free=244679Kb
 bounds [0x00007f88baa10000, 0x00007f88bac80000, 0x00007f88c9a10000]
 total_blobs=244 nmethods=13 adapters=146
 compilation: enabled

Compilation events (10 events):
Event: 0,227 Thread 0x00007f88a0008000    9       3       java.lang.Math::min (11 bytes)
Event: 0,227 Thread 0x00007f88a0008000 nmethod 9 0x00007f88bab1b390 code [0x00007f88bab1b500, 0x00007f88bab1b690]
Event: 0,227 Thread 0x00007f88a0008000   10       3       java.util.Arrays::copyOfRange (63 bytes)
Event: 0,227 Thread 0x00007f88a0008000 nmethod 10 0x00007f88bab1b710 code [0x00007f88bab1b920, 0x00007f88bab1c458]
Event: 0,227 Thread 0x00007f88a0008000   11       1       java.lang.ref.Reference::get (5 bytes)
Event: 0,227 Thread 0x00007f88a0008000 nmethod 11 0x00007f88bab1c990 code [0x00007f88bab1cae0, 0x00007f88bab1cbf0]
Event: 0,228 Thread 0x00007f88a0008000   12       1       java.lang.ThreadLocal::access$400 (5 bytes)
Event: 0,228 Thread 0x00007f88a0008000 nmethod 12 0x00007f88bab1cc50 code [0x00007f88bab1cda0, 0x00007f88bab1ce90]
Event: 0,236 Thread 0x00007f88a0008000   13       3       java.lang.String::getChars (62 bytes)
Event: 0,236 Thread 0x00007f88a0008000 nmethod 13 0x00007f88bab1d710 code [0x00007f88bab1d8c0, 0x00007f88bab1dcf8]

GC Heap History (0 events):
No events

Deoptimization events (0 events):
No events

Internal exceptions (2 events):
Event: 0,121 Thread 0x0000000000a31000 Exception <a 'java/lang/NoSuchMethodError': Method sun.misc.Unsafe.defineClass(Ljava/lang/String;[BII)Ljava/lang/Class; name or signature does not match> (0x0000000718807cc0) thrown at [/HUDSON3/workspace/8-2-build-linux-amd64/jdk8u101/7261/hotspot/src/sh
Event: 0,121 Thread 0x0000000000a31000 Exception <a 'java/lang/NoSuchMethodError': Method sun.misc.Unsafe.prefetchRead(Ljava/lang/Object;J)V name or signature does not match> (0x0000000718807fa8) thrown at [/HUDSON3/workspace/8-2-build-linux-amd64/jdk8u101/7261/hotspot/src/share/vm/prims/jni.c

Events (10 events):
Event: 0,243 loading class sun/launcher/LauncherHelper$FXHelper
Event: 0,244 loading class sun/launcher/LauncherHelper$FXHelper done
Event: 0,244 loading class java/lang/Class$MethodArray
Event: 0,244 loading class java/lang/Class$MethodArray done
Event: 0,244 loading class Kolor
Event: 0,244 loading class Kolor done
Event: 0,246 loading class java/lang/Void
Event: 0,247 loading class java/lang/Void done
Event: 0,247 loading class java/lang/ClassLoaderHelper
Event: 0,248 loading class java/lang/ClassLoaderHelper done


Dynamic libraries:
00400000-00401000 r-xp 00000000 00:1b 3805987                            /app/Java/jdk1.8.0_101/bin/java
00600000-00601000 rw-p 00000000 00:1b 3805987                            /app/Java/jdk1.8.0_101/bin/java
00a26000-00b23000 rw-p 00000000 00:00 0                                  [heap]
5c9800000-5de800000 rw-p 00000000 00:00 0 
5de800000-718800000 ---p 00000000 00:00 0 
718800000-723000000 rw-p 00000000 00:00 0 
723000000-7c0000000 ---p 00000000 00:00 0 
7c0000000-7c0080000 rw-p 00000000 00:00 0 
7c0080000-800000000 ---p 00000000 00:00 0 
7f88a0000000-7f88a007b000 rw-p 00000000 00:00 0 
7f88a007b000-7f88a4000000 ---p 00000000 00:00 0 
7f88a41fb000-7f88a4482000 rw-p 00000000 00:00 0 
7f88a4482000-7f88a4483000 r-xp 00000000 00:19 87301016                   /home/salwa_2014/java/z8/zestaw8/libPaleta.so
7f88a4483000-7f88a4682000 ---p 00001000 00:19 87301016                   /home/salwa_2014/java/z8/zestaw8/libPaleta.so
7f88a4682000-7f88a4683000 rw-p 00000000 00:19 87301016                   /home/salwa_2014/java/z8/zestaw8/libPaleta.so
7f88a4683000-7f88a4684000 ---p 00000000 00:00 0 
7f88a4684000-7f88a4784000 rw-p 00000000 00:00 0 
7f88a4784000-7f88a4787000 ---p 00000000 00:00 0 
7f88a4787000-7f88a4885000 rw-p 00000000 00:00 0 
7f88a4885000-7f88a4888000 ---p 00000000 00:00 0 
7f88a4888000-7f88a4986000 rw-p 00000000 00:00 0 
7f88a4986000-7f88a4989000 ---p 00000000 00:00 0 
7f88a4989000-7f88a4a87000 rw-p 00000000 00:00 0 
7f88a4a87000-7f88a4a8a000 ---p 00000000 00:00 0 
7f88a4a8a000-7f88a4b88000 rw-p 00000000 00:00 0 
7f88a4b88000-7f88a4b8b000 ---p 00000000 00:00 0 
7f88a4b8b000-7f88a4c89000 rw-p 00000000 00:00 0 
7f88a4c89000-7f88a4c8c000 ---p 00000000 00:00 0 
7f88a4c8c000-7f88a4d8a000 rw-p 00000000 00:00 0 
7f88a4d8a000-7f88a4dc9000 r--p 00000000 08:12 1713355                    /usr/lib/locale/ar_SA.utf8/LC_CTYPE
7f88a4dc9000-7f88a4ee7000 r--p 00000000 08:12 1720549                    /usr/lib/locale/pl_PL.utf8/LC_COLLATE
7f88a4ee7000-7f88a4eea000 ---p 00000000 00:00 0 
7f88a4eea000-7f88a4fe8000 rw-p 00000000 00:00 0 
7f88a4fe8000-7f88a4feb000 ---p 00000000 00:00 0 
7f88a4feb000-7f88a50e9000 rw-p 00000000 00:00 0 
7f88a50e9000-7f88a50ea000 ---p 00000000 00:00 0 
7f88a50ea000-7f88a6e7d000 rw-p 00000000 00:00 0 
7f88a6e7d000-7f88a7056000 r--s 03d29000 00:1b 3806061                    /app/Java/jdk1.8.0_101/jre/lib/rt.jar
7f88a7056000-7f88a7567000 rw-p 00000000 00:00 0 
7f88a7567000-7f88a7927000 ---p 00000000 00:00 0 
7f88a7927000-7f88b841b000 rw-p 00000000 00:00 0 
7f88b841b000-7f88b841c000 ---p 00000000 00:00 0 
7f88b841c000-7f88b851c000 rw-p 00000000 00:00 0 
7f88b851c000-7f88b851d000 ---p 00000000 00:00 0 
7f88b851d000-7f88b861d000 rw-p 00000000 00:00 0 
7f88b861d000-7f88b861e000 ---p 00000000 00:00 0 
7f88b861e000-7f88b871e000 rw-p 00000000 00:00 0 
7f88b871e000-7f88b871f000 ---p 00000000 00:00 0 
7f88b871f000-7f88b881f000 rw-p 00000000 00:00 0 
7f88b881f000-7f88b8820000 ---p 00000000 00:00 0 
7f88b8820000-7f88b8920000 rw-p 00000000 00:00 0 
7f88b8920000-7f88b8921000 ---p 00000000 00:00 0 
7f88b8921000-7f88b8a21000 rw-p 00000000 00:00 0 
7f88b8a21000-7f88b8a22000 ---p 00000000 00:00 0 
7f88b8a22000-7f88b8b22000 rw-p 00000000 00:00 0 
7f88b8b22000-7f88b8b23000 ---p 00000000 00:00 0 
7f88b8b23000-7f88b8ccb000 rw-p 00000000 00:00 0 
7f88b8ccb000-7f88b969b000 ---p 00000000 00:00 0 
7f88b969b000-7f88b9743000 rw-p 00000000 00:00 0 
7f88b9743000-7f88ba113000 ---p 00000000 00:00 0 
7f88ba113000-7f88ba167000 rw-p 00000000 00:00 0 
7f88ba167000-7f88ba64f000 ---p 00000000 00:00 0 
7f88ba64f000-7f88ba65a000 rw-p 00000000 00:00 0 
7f88ba65a000-7f88baa10000 ---p 00000000 00:00 0 
7f88baa10000-7f88bac80000 rwxp 00000000 00:00 0 
7f88bac80000-7f88c9a10000 ---p 00000000 00:00 0 
7f88c9a10000-7f88c9a2a000 r-xp 00000000 00:1b 3806090                    /app/Java/jdk1.8.0_101/jre/lib/amd64/libzip.so
7f88c9a2a000-7f88c9c2a000 ---p 0001a000 00:1b 3806090                    /app/Java/jdk1.8.0_101/jre/lib/amd64/libzip.so
7f88c9c2a000-7f88c9c2b000 rw-p 0001a000 00:1b 3806090                    /app/Java/jdk1.8.0_101/jre/lib/amd64/libzip.so
7f88c9c2b000-7f88c9c36000 r-xp 00000000 08:12 657400                     /lib/x86_64-linux-gnu/libnss_files-2.13.so
7f88c9c36000-7f88c9e35000 ---p 0000b000 08:12 657400                     /lib/x86_64-linux-gnu/libnss_files-2.13.so
7f88c9e35000-7f88c9e36000 r--p 0000a000 08:12 657400                     /lib/x86_64-linux-gnu/libnss_files-2.13.so
7f88c9e36000-7f88c9e37000 rw-p 0000b000 08:12 657400                     /lib/x86_64-linux-gnu/libnss_files-2.13.so
7f88c9e37000-7f88c9e41000 r-xp 00000000 08:12 657396                     /lib/x86_64-linux-gnu/libnss_nis-2.13.so
7f88c9e41000-7f88ca040000 ---p 0000a000 08:12 657396                     /lib/x86_64-linux-gnu/libnss_nis-2.13.so
7f88ca040000-7f88ca041000 r--p 00009000 08:12 657396                     /lib/x86_64-linux-gnu/libnss_nis-2.13.so
7f88ca041000-7f88ca042000 rw-p 0000a000 08:12 657396                     /lib/x86_64-linux-gnu/libnss_nis-2.13.so
7f88ca042000-7f88ca057000 r-xp 00000000 08:12 657397                     /lib/x86_64-linux-gnu/libnsl-2.13.so
7f88ca057000-7f88ca256000 ---p 00015000 08:12 657397                     /lib/x86_64-linux-gnu/libnsl-2.13.so
7f88ca256000-7f88ca257000 r--p 00014000 08:12 657397                     /lib/x86_64-linux-gnu/libnsl-2.13.so
7f88ca257000-7f88ca258000 rw-p 00015000 08:12 657397                     /lib/x86_64-linux-gnu/libnsl-2.13.so
7f88ca258000-7f88ca25a000 rw-p 00000000 00:00 0 
7f88ca25a000-7f88ca261000 r-xp 00000000 08:12 657386                     /lib/x86_64-linux-gnu/libnss_compat-2.13.so
7f88ca261000-7f88ca460000 ---p 00007000 08:12 657386                     /lib/x86_64-linux-gnu/libnss_compat-2.13.so
7f88ca460000-7f88ca461000 r--p 00006000 08:12 657386                     /lib/x86_64-linux-gnu/libnss_compat-2.13.so
7f88ca461000-7f88ca462000 rw-p 00007000 08:12 657386                     /lib/x86_64-linux-gnu/libnss_compat-2.13.so
7f88ca462000-7f88ca48c000 r-xp 00000000 00:1b 3806116                    /app/Java/jdk1.8.0_101/jre/lib/amd64/libjava.so
7f88ca48c000-7f88ca68c000 ---p 0002a000 00:1b 3806116                    /app/Java/jdk1.8.0_101/jre/lib/amd64/libjava.so
7f88ca68c000-7f88ca68e000 rw-p 0002a000 00:1b 3806116                    /app/Java/jdk1.8.0_101/jre/lib/amd64/libjava.so
7f88ca68e000-7f88ca69b000 r-xp 00000000 00:1b 3806070                    /app/Java/jdk1.8.0_101/jre/lib/amd64/libverify.so
7f88ca69b000-7f88ca89b000 ---p 0000d000 00:1b 3806070                    /app/Java/jdk1.8.0_101/jre/lib/amd64/libverify.so
7f88ca89b000-7f88ca89d000 rw-p 0000d000 00:1b 3806070                    /app/Java/jdk1.8.0_101/jre/lib/amd64/libverify.so
7f88ca89d000-7f88ca8a4000 r-xp 00000000 08:12 657401                     /lib/x86_64-linux-gnu/librt-2.13.so
7f88ca8a4000-7f88caaa3000 ---p 00007000 08:12 657401                     /lib/x86_64-linux-gnu/librt-2.13.so
7f88caaa3000-7f88caaa4000 r--p 00006000 08:12 657401                     /lib/x86_64-linux-gnu/librt-2.13.so
7f88caaa4000-7f88caaa5000 rw-p 00007000 08:12 657401                     /lib/x86_64-linux-gnu/librt-2.13.so
7f88caaa5000-7f88cab26000 r-xp 00000000 08:12 657403                     /lib/x86_64-linux-gnu/libm-2.13.so
7f88cab26000-7f88cad25000 ---p 00081000 08:12 657403                     /lib/x86_64-linux-gnu/libm-2.13.so
7f88cad25000-7f88cad26000 r--p 00080000 08:12 657403                     /lib/x86_64-linux-gnu/libm-2.13.so
7f88cad26000-7f88cad27000 rw-p 00081000 08:12 657403                     /lib/x86_64-linux-gnu/libm-2.13.so
7f88cad27000-7f88cb9f2000 r-xp 00000000 00:1b 3806120                    /app/Java/jdk1.8.0_101/jre/lib/amd64/server/libjvm.so
7f88cb9f2000-7f88cbbf1000 ---p 00ccb000 00:1b 3806120                    /app/Java/jdk1.8.0_101/jre/lib/amd64/server/libjvm.so
7f88cbbf1000-7f88cbcca000 rw-p 00cca000 00:1b 3806120                    /app/Java/jdk1.8.0_101/jre/lib/amd64/server/libjvm.so
7f88cbcca000-7f88cbd15000 rw-p 00000000 00:00 0 
7f88cbd15000-7f88cbe99000 r-xp 00000000 08:12 657392                     /lib/x86_64-linux-gnu/libc-2.13.so
7f88cbe99000-7f88cc098000 ---p 00184000 08:12 657392                     /lib/x86_64-linux-gnu/libc-2.13.so
7f88cc098000-7f88cc09c000 r--p 00183000 08:12 657392                     /lib/x86_64-linux-gnu/libc-2.13.so
7f88cc09c000-7f88cc09d000 rw-p 00187000 08:12 657392                     /lib/x86_64-linux-gnu/libc-2.13.so
7f88cc09d000-7f88cc0a2000 rw-p 00000000 00:00 0 
7f88cc0a2000-7f88cc0a4000 r-xp 00000000 08:12 657387                     /lib/x86_64-linux-gnu/libdl-2.13.so
7f88cc0a4000-7f88cc2a4000 ---p 00002000 08:12 657387                     /lib/x86_64-linux-gnu/libdl-2.13.so
7f88cc2a4000-7f88cc2a5000 r--p 00002000 08:12 657387                     /lib/x86_64-linux-gnu/libdl-2.13.so
7f88cc2a5000-7f88cc2a6000 rw-p 00003000 08:12 657387                     /lib/x86_64-linux-gnu/libdl-2.13.so
7f88cc2a6000-7f88cc2bb000 r-xp 00000000 00:1b 3805217                    /app/Java/jdk1.8.0_101/lib/amd64/jli/libjli.so
7f88cc2bb000-7f88cc4bb000 ---p 00015000 00:1b 3805217                    /app/Java/jdk1.8.0_101/lib/amd64/jli/libjli.so
7f88cc4bb000-7f88cc4bc000 rw-p 00015000 00:1b 3805217                    /app/Java/jdk1.8.0_101/lib/amd64/jli/libjli.so
7f88cc4bc000-7f88cc4d3000 r-xp 00000000 08:12 657395                     /lib/x86_64-linux-gnu/libpthread-2.13.so
7f88cc4d3000-7f88cc6d2000 ---p 00017000 08:12 657395                     /lib/x86_64-linux-gnu/libpthread-2.13.so
7f88cc6d2000-7f88cc6d3000 r--p 00016000 08:12 657395                     /lib/x86_64-linux-gnu/libpthread-2.13.so
7f88cc6d3000-7f88cc6d4000 rw-p 00017000 08:12 657395                     /lib/x86_64-linux-gnu/libpthread-2.13.so
7f88cc6d4000-7f88cc6d8000 rw-p 00000000 00:00 0 
7f88cc6d8000-7f88cc6f8000 r-xp 00000000 08:12 657390                     /lib/x86_64-linux-gnu/ld-2.13.so
7f88cc6f9000-7f88cc7c8000 rw-p 00000000 00:00 0 
7f88cc7c8000-7f88cc7cb000 ---p 00000000 00:00 0 
7f88cc7cb000-7f88cc8cd000 rw-p 00000000 00:00 0 
7f88cc8d1000-7f88cc8da000 rw-p 00000000 00:00 0 
7f88cc8da000-7f88cc8db000 r--p 00000000 08:12 1576512                    /usr/lib/locale/sr_ME/LC_NUMERIC
7f88cc8db000-7f88cc8dc000 r--p 00000000 08:12 1720547                    /usr/lib/locale/pl_PL.utf8/LC_TIME
7f88cc8dc000-7f88cc8dd000 r--p 00000000 08:12 1720548                    /usr/lib/locale/pl_PL.utf8/LC_MONETARY
7f88cc8dd000-7f88cc8de000 r--p 00000000 08:12 1720551                    /usr/lib/locale/pl_PL.utf8/LC_MESSAGES/SYS_LC_MESSAGES
7f88cc8de000-7f88cc8df000 r--p 00000000 08:12 1709167                    /usr/lib/locale/ar_SA.utf8/LC_PAPER
7f88cc8df000-7f88cc8e0000 r--p 00000000 08:12 1713345                    /usr/lib/locale/ar_SA.utf8/LC_NAME
7f88cc8e0000-7f88cc8e1000 r--p 00000000 08:12 1720545                    /usr/lib/locale/pl_PL.utf8/LC_ADDRESS
7f88cc8e1000-7f88cc8e2000 r--p 00000000 08:12 1720550                    /usr/lib/locale/pl_PL.utf8/LC_TELEPHONE
7f88cc8e2000-7f88cc8e3000 r--p 00000000 08:12 1709172                    /usr/lib/locale/ar_SA.utf8/LC_MEASUREMENT
7f88cc8e3000-7f88cc8ea000 r--s 00000000 08:12 1597081                    /usr/lib/x86_64-linux-gnu/gconv/gconv-modules.cache
7f88cc8ea000-7f88cc8eb000 r--p 00000000 08:12 1720546                    /usr/lib/locale/pl_PL.utf8/LC_IDENTIFICATION
7f88cc8eb000-7f88cc8f3000 rw-s 00000000 08:15 31                         /tmp/hsperfdata_salwa_2014/8344
7f88cc8f3000-7f88cc8f4000 rw-p 00000000 00:00 0 
7f88cc8f4000-7f88cc8f5000 r--p 00000000 00:00 0 
7f88cc8f5000-7f88cc8f7000 rw-p 00000000 00:00 0 
7f88cc8f7000-7f88cc8f8000 r--p 0001f000 08:12 657390                     /lib/x86_64-linux-gnu/ld-2.13.so
7f88cc8f8000-7f88cc8f9000 rw-p 00020000 08:12 657390                     /lib/x86_64-linux-gnu/ld-2.13.so
7f88cc8f9000-7f88cc8fa000 rw-p 00000000 00:00 0 
7ffe0152a000-7ffe0154b000 rw-p 00000000 00:00 0                          [stack]
7ffe015d3000-7ffe015d4000 r-xp 00000000 00:00 0                          [vdso]
ffffffffff600000-ffffffffff601000 r-xp 00000000 00:00 0                  [vsyscall]

VM Arguments:
java_command: Paleta
java_class_path (initial): .
Launcher Type: SUN_STANDARD

Environment Variables:
PATH=/usr/local/bin:/usr/bin:/bin:/usr/local/games:/usr/games
USERNAME=salwa_2014
LD_LIBRARY_PATH=.
SHELL=/bin/bash
DISPLAY=:0.0

Signal Handlers:
SIGSEGV: [libjvm.so+0xac4790], sa_mask[0]=11111111011111111101111111111110, sa_flags=SA_RESTART|SA_SIGINFO
SIGBUS: [libjvm.so+0xac4790], sa_mask[0]=11111111011111111101111111111110, sa_flags=SA_RESTART|SA_SIGINFO
SIGFPE: [libjvm.so+0x91f140], sa_mask[0]=11111111011111111101111111111110, sa_flags=SA_RESTART|SA_SIGINFO
SIGPIPE: [libjvm.so+0x91f140], sa_mask[0]=11111111011111111101111111111110, sa_flags=SA_RESTART|SA_SIGINFO
SIGXFSZ: [libjvm.so+0x91f140], sa_mask[0]=11111111011111111101111111111110, sa_flags=SA_RESTART|SA_SIGINFO
SIGILL: [libjvm.so+0x91f140], sa_mask[0]=11111111011111111101111111111110, sa_flags=SA_RESTART|SA_SIGINFO
SIGUSR1: SIG_DFL, sa_mask[0]=00000000000000000000000000000000, sa_flags=none
SIGUSR2: [libjvm.so+0x920770], sa_mask[0]=00000000000000000000000000000000, sa_flags=SA_RESTART|SA_SIGINFO
SIGHUP: [libjvm.so+0x921b70], sa_mask[0]=11111111011111111101111111111110, sa_flags=SA_RESTART|SA_SIGINFO
SIGINT: [libjvm.so+0x921b70], sa_mask[0]=11111111011111111101111111111110, sa_flags=SA_RESTART|SA_SIGINFO
SIGTERM: [libjvm.so+0x921b70], sa_mask[0]=11111111011111111101111111111110, sa_flags=SA_RESTART|SA_SIGINFO
SIGQUIT: [libjvm.so+0x921b70], sa_mask[0]=11111111011111111101111111111110, sa_flags=SA_RESTART|SA_SIGINFO


---------------  S Y S T E M  ---------------

OS:PRETTY_NAME="Debian GNU/Linux 7 (wheezy)"
NAME="Debian GNU/Linux"
VERSION_ID="7"
VERSION="7 (wheezy)"
ID=debian
ANSI_COLOR="1;31"
HOME_URL="http://www.debian.org/"
SUPPORT_URL="http://www.debian.org/support/"
BUG_REPORT_URL="http://bugs.debian.org/"

uname:Linux 3.2.0-4-amd64 #1 SMP Debian 3.2.81-2 x86_64
libc:glibc 2.13 NPTL 2.13 
rlimit: STACK 8192k, CORE 0k, NPROC 257131, NOFILE 4096, AS infinity
load average:0,06 0,08 0,12

/proc/meminfo:
MemTotal:       32925948 kB
MemFree:        31031508 kB
Buffers:          207808 kB
Cached:           712068 kB
SwapCached:            0 kB
Active:           957280 kB
Inactive:         673280 kB
Active(anon):     711984 kB
Inactive(anon):    35552 kB
Active(file):     245296 kB
Inactive(file):   637728 kB
Unevictable:           0 kB
Mlocked:               0 kB
SwapTotal:       7811068 kB
SwapFree:        7811068 kB
Dirty:                88 kB
Writeback:             0 kB
AnonPages:        711152 kB
Mapped:           202892 kB
Shmem:             36368 kB
Slab:             130736 kB
SReclaimable:     102356 kB
SUnreclaim:        28380 kB
KernelStack:        3328 kB
PageTables:        23300 kB
NFS_Unstable:          0 kB
Bounce:                0 kB
WritebackTmp:          0 kB
CommitLimit:    24274040 kB
Committed_AS:    3633432 kB
VmallocTotal:   34359738367 kB
VmallocUsed:      171396 kB
VmallocChunk:   34359564284 kB
HardwareCorrupted:     0 kB
AnonHugePages:         0 kB
HugePages_Total:       0
HugePages_Free:        0
HugePages_Rsvd:        0
HugePages_Surp:        0
Hugepagesize:       2048 kB
DirectMap4k:       63560 kB
DirectMap2M:     1947648 kB
DirectMap1G:    31457280 kB


CPU:total 8 (4 cores per cpu, 2 threads per core) family 6 model 60 stepping 3, cmov, cx8, fxsr, mmx, sse, sse2, sse3, ssse3, sse4.1, sse4.2, popcnt, avx, avx2, aes, clmul, erms, lzcnt, ht, tsc, tscinvbit, bmi1, bmi2

/proc/cpuinfo:
processor	: 0
vendor_id	: GenuineIntel
cpu family	: 6
model		: 60
model name	: Intel(R) Core(TM) i7-4770 CPU @ 3.40GHz
stepping	: 3
microcode	: 0x1c
cpu MHz		: 3401.000
cache size	: 8192 KB
physical id	: 0
siblings	: 8
core id		: 0
cpu cores	: 4
apicid		: 0
initial apicid	: 0
fpu		: yes
fpu_exception	: yes
cpuid level	: 13
wp		: yes
flags		: fpu vme de pse tsc msr pae mce cx8 apic sep mtrr pge mca cmov pat pse36 clflush dts acpi mmx fxsr sse sse2 ss ht tm pbe syscall nx pdpe1gb rdtscp lm constant_tsc arch_perfmon pebs bts rep_good nopl xtopology nonstop_tsc aperfmperf pni pclmulqdq dtes64 monitor ds_cpl vmx smx est tm2 ssse3 fma cx16 xtpr pdcm pcid sse4_1 sse4_2 x2apic movbe popcnt tsc_deadline_timer aes xsave avx f16c rdrand lahf_lm abm ida arat epb xsaveopt pln pts dtherm tpr_shadow vnmi flexpriority ept vpid fsgsbase smep erms
bogomips	: 6783.14
clflush size	: 64
cache_alignment	: 64
address sizes	: 39 bits physical, 48 bits virtual
power management:

processor	: 1
vendor_id	: GenuineIntel
cpu family	: 6
model		: 60
model name	: Intel(R) Core(TM) i7-4770 CPU @ 3.40GHz
stepping	: 3
microcode	: 0x1c
cpu MHz		: 1200.000
cache size	: 8192 KB
physical id	: 0
siblings	: 8
core id		: 1
cpu cores	: 4
apicid		: 2
initial apicid	: 2
fpu		: yes
fpu_exception	: yes
cpuid level	: 13
wp		: yes
flags		: fpu vme de pse tsc msr pae mce cx8 apic sep mtrr pge mca cmov pat pse36 clflush dts acpi mmx fxsr sse sse2 ss ht tm pbe syscall nx pdpe1gb rdtscp lm constant_tsc arch_perfmon pebs bts rep_good nopl xtopology nonstop_tsc aperfmperf pni pclmulqdq dtes64 monitor ds_cpl vmx smx est tm2 ssse3 fma cx16 xtpr pdcm pcid sse4_1 sse4_2 x2apic movbe popcnt tsc_deadline_timer aes xsave avx f16c rdrand lahf_lm abm ida arat epb xsaveopt pln pts dtherm tpr_shadow vnmi flexpriority ept vpid fsgsbase smep erms
bogomips	: 6783.97
clflush size	: 64
cache_alignment	: 64
address sizes	: 39 bits physical, 48 bits virtual
power management:

processor	: 2
vendor_id	: GenuineIntel
cpu family	: 6
model		: 60
model name	: Intel(R) Core(TM) i7-4770 CPU @ 3.40GHz
stepping	: 3
microcode	: 0x1c
cpu MHz		: 800.000
cache size	: 8192 KB
physical id	: 0
siblings	: 8
core id		: 2
cpu cores	: 4
apicid		: 4
initial apicid	: 4
fpu		: yes
fpu_exception	: yes
cpuid level	: 13
wp		: yes
flags		: fpu vme de pse tsc msr pae mce cx8 apic sep mtrr pge mca cmov pat pse36 clflush dts acpi mmx fxsr sse sse2 ss ht tm pbe syscall nx pdpe1gb rdtscp lm constant_tsc arch_perfmon pebs bts rep_good nopl xtopology nonstop_tsc aperfmperf pni pclmulqdq dtes64 monitor ds_cpl vmx smx est tm2 ssse3 fma cx16 xtpr pdcm pcid sse4_1 sse4_2 x2apic movbe popcnt tsc_deadline_timer aes xsave avx f16c rdrand lahf_lm abm ida arat epb xsaveopt pln pts dtherm tpr_shadow vnmi flexpriority ept vpid fsgsbase smep erms
bogomips	: 6783.95
clflush size	: 64
cache_alignment	: 64
address sizes	: 39 bits physical, 48 bits virtual
power management:

processor	: 3
vendor_id	: GenuineIntel
cpu family	: 6
model		: 60
model name	: Intel(R) Core(TM) i7-4770 CPU @ 3.40GHz
stepping	: 3
microcode	: 0x1c
cpu MHz		: 800.000
cache size	: 8192 KB
physical id	: 0
siblings	: 8
core id		: 3
cpu cores	: 4
apicid		: 6
initial apicid	: 6
fpu		: yes
fpu_exception	: yes
cpuid level	: 13
wp		: yes
flags		: fpu vme de pse tsc msr pae mce cx8 apic sep mtrr pge mca cmov pat pse36 clflush dts acpi mmx fxsr sse sse2 ss ht tm pbe syscall nx pdpe1gb rdtscp lm constant_tsc arch_perfmon pebs bts rep_good nopl xtopology nonstop_tsc aperfmperf pni pclmulqdq dtes64 monitor ds_cpl vmx smx est tm2 ssse3 fma cx16 xtpr pdcm pcid sse4_1 sse4_2 x2apic movbe popcnt tsc_deadline_timer aes xsave avx f16c rdrand lahf_lm abm ida arat epb xsaveopt pln pts dtherm tpr_shadow vnmi flexpriority ept vpid fsgsbase smep erms
bogomips	: 6784.00
clflush size	: 64
cache_alignment	: 64
address sizes	: 39 bits physical, 48 bits virtual
power management:

processor	: 4
vendor_id	: GenuineIntel
cpu family	: 6
model		: 60
model name	: Intel(R) Core(TM) i7-4770 CPU @ 3.40GHz
stepping	: 3
microcode	: 0x1c
cpu MHz		: 800.000
cache size	: 8192 KB
physical id	: 0
siblings	: 8
core id		: 0
cpu cores	: 4
apicid		: 1
initial apicid	: 1
fpu		: yes
fpu_exception	: yes
cpuid level	: 13
wp		: yes
flags		: fpu vme de pse tsc msr pae mce cx8 apic sep mtrr pge mca cmov pat pse36 clflush dts acpi mmx fxsr sse sse2 ss ht tm pbe syscall nx pdpe1gb rdtscp lm constant_tsc arch_perfmon pebs bts rep_good nopl xtopology nonstop_tsc aperfmperf pni pclmulqdq dtes64 monitor ds_cpl vmx smx est tm2 ssse3 fma cx16 xtpr pdcm pcid sse4_1 sse4_2 x2apic movbe popcnt tsc_deadline_timer aes xsave avx f16c rdrand lahf_lm abm ida arat epb xsaveopt pln pts dtherm tpr_shadow vnmi flexpriority ept vpid fsgsbase smep erms
bogomips	: 6784.02
clflush size	: 64
cache_alignment	: 64
address sizes	: 39 bits physical, 48 bits virtual
power management:

processor	: 5
vendor_id	: GenuineIntel
cpu family	: 6
model		: 60
model name	: Intel(R) Core(TM) i7-4770 CPU @ 3.40GHz
stepping	: 3
microcode	: 0x1c
cpu MHz		: 800.000
cache size	: 8192 KB
physical id	: 0
siblings	: 8
core id		: 1
cpu cores	: 4
apicid		: 3
initial apicid	: 3
fpu		: yes
fpu_exception	: yes
cpuid level	: 13
wp		: yes
flags		: fpu vme de pse tsc msr pae mce cx8 apic sep mtrr pge mca cmov pat pse36 clflush dts acpi mmx fxsr sse sse2 ss ht tm pbe syscall nx pdpe1gb rdtscp lm constant_tsc arch_perfmon pebs bts rep_good nopl xtopology nonstop_tsc aperfmperf pni pclmulqdq dtes64 monitor ds_cpl vmx smx est tm2 ssse3 fma cx16 xtpr pdcm pcid sse4_1 sse4_2 x2apic movbe popcnt tsc_deadline_timer aes xsave avx f16c rdrand lahf_lm abm ida arat epb xsaveopt pln pts dtherm tpr_shadow vnmi flexpriority ept vpid fsgsbase smep erms
bogomips	: 6783.99
clflush size	: 64
cache_alignment	: 64
address sizes	: 39 bits physical, 48 bits virtual
power management:

processor	: 6
vendor_id	: GenuineIntel
cpu family	: 6
model		: 60
model name	: Intel(R) Core(TM) i7-4770 CPU @ 3.40GHz
stepping	: 3
microcode	: 0x1c
cpu MHz		: 800.000
cache size	: 8192 KB
physical id	: 0
siblings	: 8
core id		: 2
cpu cores	: 4
apicid		: 5
initial apicid	: 5
fpu		: yes
fpu_exception	: yes
cpuid level	: 13
wp		: yes
flags		: fpu vme de pse tsc msr pae mce cx8 apic sep mtrr pge mca cmov pat pse36 clflush dts acpi mmx fxsr sse sse2 ss ht tm pbe syscall nx pdpe1gb rdtscp lm constant_tsc arch_perfmon pebs bts rep_good nopl xtopology nonstop_tsc aperfmperf pni pclmulqdq dtes64 monitor ds_cpl vmx smx est tm2 ssse3 fma cx16 xtpr pdcm pcid sse4_1 sse4_2 x2apic movbe popcnt tsc_deadline_timer aes xsave avx f16c rdrand lahf_lm abm ida arat epb xsaveopt pln pts dtherm tpr_shadow vnmi flexpriority ept vpid fsgsbase smep erms
bogomips	: 6783.96
clflush size	: 64
cache_alignment	: 64
address sizes	: 39 bits physical, 48 bits virtual
power management:

processor	: 7
vendor_id	: GenuineIntel
cpu family	: 6
model		: 60
model name	: Intel(R) Core(TM) i7-4770 CPU @ 3.40GHz
stepping	: 3
microcode	: 0x1c
cpu MHz		: 800.000
cache size	: 8192 KB
physical id	: 0
siblings	: 8
core id		: 3
cpu cores	: 4
apicid		: 7
initial apicid	: 7
fpu		: yes
fpu_exception	: yes
cpuid level	: 13
wp		: yes
flags		: fpu vme de pse tsc msr pae mce cx8 apic sep mtrr pge mca cmov pat pse36 clflush dts acpi mmx fxsr sse sse2 ss ht tm pbe syscall nx pdpe1gb rdtscp lm constant_tsc arch_perfmon pebs bts rep_good nopl xtopology nonstop_tsc aperfmperf pni pclmulqdq dtes64 monitor ds_cpl vmx smx est tm2 ssse3 fma cx16 xtpr pdcm pcid sse4_1 sse4_2 x2apic movbe popcnt tsc_deadline_timer aes xsave avx f16c rdrand lahf_lm abm ida arat epb xsaveopt pln pts dtherm tpr_shadow vnmi flexpriority ept vpid fsgsbase smep erms
bogomips	: 6784.02
clflush size	: 64
cache_alignment	: 64
address sizes	: 39 bits physical, 48 bits virtual
power management:



Memory: 4k page, physical 32925948k(31031508k free), swap 7811068k(7811068k free)

vm_info: Java HotSpot(TM) 64-Bit Server VM (25.101-b13) for linux-amd64 JRE (1.8.0_101-b13), built on Jun 22 2016 02:59:44 by "java_re" with gcc 4.3.0 20080428 (Red Hat 4.3.0-8)

time: Wed Jan 25 11:39:45 2017
elapsed time: 0 seconds (0d 0h 0m 0s)

